# JRE version: OpenJDK Runtime Environment (21.0.1+12) (build 21.0.1+12-29)
# Java VM: OpenJDK 64-Bit Server VM (21.0.1+12-29, mixed mode, emulated-client, sharing, tiered, compressed oops, compressed class ptrs, g1 gc, windows-amd64)
GC Precious Log:
 CardTable entry size: 512
 Card Set container configuration: InlinePtr #cards 5 size 8 Array Of Cards #cards 12 size 40 Howl #buckets 4 coarsen threshold 1843 Howl Bitmap #cards 512 size 80 coarsen threshold 460 Card regions per heap region 1 cards per card region 2048
 CPUs: 8 total, 8 available
 Memory: 8034M
 Large Page Support: Disabled
 NUMA Support: Disabled
 Compressed Oops: Enabled (32-bit)
 Heap Region Size: 1M
 Heap Min Capacity: 8M
 Heap Initial Capacity: 126M
 Heap Max Capacity: 2010M
 Pre-touch: Disabled
 Parallel Workers: 8
 Concurrent Workers: 2
 Concurrent Refinement Workers: 8
 Periodic GC: Disabled
Heap:
 garbage-first heap   total 58368K, used 26722K [0x0000000082600000, 0x0000000100000000)
  region size 1024K, 3 young (3072K), 3 survivors (3072K)
 Metaspace       used 53524K, committed 54208K, reserved 1114112K
  class space    used 7587K, committed 7936K, reserved 1048576K
GC Heap History (19 events):
Event: 1.212 GC heap before
{Heap before GC invocations=0 (full 0):
 garbage-first heap   total 129024K, used 23552K [0x0000000082600000, 0x0000000100000000)
  region size 1024K, 23 young (23552K), 0 survivors (0K)
 Metaspace       used 7076K, committed 7296K, reserved 1114112K
  class space    used 847K, committed 960K, reserved 1048576K
}
Event: 1.220 GC heap after
{Heap after GC invocations=1 (full 0):
 garbage-first heap   total 129024K, used 8533K [0x0000000082600000, 0x0000000100000000)
  region size 1024K, 3 young (3072K), 3 survivors (3072K)
 Metaspace       used 7076K, committed 7296K, reserved 1114112K
  class space    used 847K, committed 960K, reserved 1048576K
}
Event: 1.643 GC heap before
{Heap before GC invocations=1 (full 0):
 garbage-first heap   total 129024K, used 34133K [0x0000000082600000, 0x0000000100000000)
  region size 1024K, 29 young (29696K), 3 survivors (3072K)
 Metaspace       used 12260K, committed 12608K, reserved 1114112K
  class space    used 1633K, committed 1792K, reserved 1048576K
}
Event: 1.647 GC heap after
{Heap after GC invocations=2 (full 0):
 garbage-first heap   total 129024K, used 10748K [0x0000000082600000, 0x0000000100000000)
  region size 1024K, 3 young (3072K), 3 survivors (3072K)
 Metaspace       used 12260K, committed 12608K, reserved 1114112K
  class space    used 1633K, committed 1792K, reserved 1048576K
}
Event: 2.389 GC heap before
{Heap before GC invocations=2 (full 0):
 garbage-first heap   total 129024K, used 52732K [0x0000000082600000, 0x0000000100000000)
  region size 1024K, 46 young (47104K), 3 survivors (3072K)
 Metaspace       used 21192K, committed 21504K, reserved 1114112K
  class space    used 2855K, committed 3008K, reserved 1048576K
}
Event: 2.394 GC heap after
{Heap after GC invocations=3 (full 0):
 garbage-first heap   total 129024K, used 13765K [0x0000000082600000, 0x0000000100000000)
  region size 1024K, 6 young (6144K), 6 survivors (6144K)
 Metaspace       used 21192K, committed 21504K, reserved 1114112K
  class space    used 2855K, committed 3008K, reserved 1048576K
}
Event: 2.807 GC heap before
{Heap before GC invocations=4 (full 0):
 garbage-first heap   total 58368K, used 41413K [0x0000000082600000, 0x0000000100000000)
  region size 1024K, 34 young (34816K), 6 survivors (6144K)
 Metaspace       used 23396K, committed 23744K, reserved 1114112K
  class space    used 3162K, committed 3328K, reserved 1048576K
}
Event: 2.812 GC heap after
{Heap after GC invocations=5 (full 0):
 garbage-first heap   total 58368K, used 15708K [0x0000000082600000, 0x0000000100000000)
  region size 1024K, 3 young (3072K), 3 survivors (3072K)
 Metaspace       used 23396K, committed 23744K, reserved 1114112K
  class space    used 3162K, committed 3328K, reserved 1048576K
}
Event: 3.224 GC heap before
{Heap before GC invocations=5 (full 0):
 garbage-first heap   total 58368K, used 43356K [0x0000000082600000, 0x0000000100000000)
  region size 1024K, 30 young (30720K), 3 survivors (3072K)
 Metaspace       used 26790K, committed 27136K, reserved 1114112K
  class space    used 3633K, committed 3776K, reserved 1048576K
}
Event: 3.228 GC heap after
{Heap after GC invocations=6 (full 0):
 garbage-first heap   total 58368K, used 17743K [0x0000000082600000, 0x0000000100000000)
  region size 1024K, 4 young (4096K), 4 survivors (4096K)
 Metaspace       used 26790K, committed 27136K, reserved 1114112K
  class space    used 3633K, committed 3776K, reserved 1048576K
}
Event: 3.696 GC heap before
{Heap before GC invocations=6 (full 0):
 garbage-first heap   total 58368K, used 46415K [0x0000000082600000, 0x0000000100000000)
  region size 1024K, 32 young (32768K), 4 survivors (4096K)
 Metaspace       used 31753K, committed 32320K, reserved 1114112K
  class space    used 4349K, committed 4608K, reserved 1048576K
}
Event: 3.702 GC heap after
{Heap after GC invocations=7 (full 0):
 garbage-first heap   total 58368K, used 20713K [0x0000000082600000, 0x0000000100000000)
  region size 1024K, 4 young (4096K), 4 survivors (4096K)
 Metaspace       used 31753K, committed 32320K, reserved 1114112K
  class space    used 4349K, committed 4608K, reserved 1048576K
}
Event: 4.080 GC heap before
{Heap before GC invocations=7 (full 0):
 garbage-first heap   total 58368K, used 45289K [0x0000000082600000, 0x0000000100000000)
  region size 1024K, 30 young (30720K), 4 survivors (4096K)
 Metaspace       used 35544K, committed 36096K, reserved 1114112K
  class space    used 4869K, committed 5120K, reserved 1048576K
}
Event: 4.086 GC heap after
{Heap after GC invocations=8 (full 0):
 garbage-first heap   total 58368K, used 22872K [0x0000000082600000, 0x0000000100000000)
  region size 1024K, 2 young (2048K), 2 survivors (2048K)
 Metaspace       used 35544K, committed 36096K, reserved 1114112K
  class space    used 4869K, committed 5120K, reserved 1048576K
}
Event: 4.874 GC heap before
{Heap before GC invocations=9 (full 0):
 garbage-first heap   total 58368K, used 47448K [0x0000000082600000, 0x0000000100000000)
  region size 1024K, 27 young (27648K), 2 survivors (2048K)
 Metaspace       used 43160K, committed 43712K, reserved 1114112K
  class space    used 5971K, committed 6208K, reserved 1048576K
}
Event: 4.877 GC heap after
{Heap after GC invocations=10 (full 0):
 garbage-first heap   total 58368K, used 24468K [0x0000000082600000, 0x0000000100000000)
  region size 1024K, 4 young (4096K), 4 survivors (4096K)
 Metaspace       used 43160K, committed 43712K, reserved 1114112K
  class space    used 5971K, committed 6208K, reserved 1048576K
}
Event: 5.345 GC heap before
{Heap before GC invocations=10 (full 0):
 garbage-first heap   total 58368K, used 48020K [0x0000000082600000, 0x0000000100000000)
  region size 1024K, 28 young (28672K), 4 survivors (4096K)
 Metaspace       used 48889K, committed 49472K, reserved 1114112K
  class space    used 6744K, committed 6976K, reserved 1048576K
}
Event: 5.350 GC heap after
{Heap after GC invocations=11 (full 0):
 garbage-first heap   total 58368K, used 26101K [0x0000000082600000, 0x0000000100000000)
  region size 1024K, 4 young (4096K), 4 survivors (4096K)
 Metaspace       used 48889K, committed 49472K, reserved 1114112K
  class space    used 6744K, committed 6976K, reserved 1048576K
}
Event: 5.744 GC heap before
{Heap before GC invocations=11 (full 0):
 garbage-first heap   total 58368K, used 49653K [0x0000000082600000, 0x0000000100000000)
  region size 1024K, 27 young (27648K), 4 survivors (4096K)
 Metaspace       used 53524K, committed 54208K, reserved 1114112K
  class space    used 7587K, committed 7936K, reserved 1048576K
}

