# JRE version: OpenJDK Runtime Environment (21.0.1+12) (build 21.0.1+12-29)
# Java VM: OpenJDK 64-Bit Server VM (21.0.1+12-29, mixed mode, sharing, tiered, compressed oops, compressed class ptrs, g1 gc, windows-amd64)
GC Precious Log:
 CardTable entry size: 512
 Card Set container configuration: InlinePtr #cards 5 size 8 Array Of Cards #cards 12 size 40 Howl #buckets 4 coarsen threshold 1843 Howl Bitmap #cards 512 size 80 coarsen threshold 460 Card regions per heap region 1 cards per card region 2048
 CPUs: 8 total, 8 available
 Memory: 8034M
 Large Page Support: Disabled
 NUMA Support: Disabled
 Compressed Oops: Enabled (32-bit)
 Heap Region Size: 1M
 Heap Min Capacity: 8M
 Heap Initial Capacity: 126M
 Heap Max Capacity: 2010M
 Pre-touch: Disabled
 Parallel Workers: 8
 Concurrent Workers: 2
 Concurrent Refinement Workers: 8
 Periodic GC: Disabled
Heap:
 garbage-first heap   total 66560K, used 45056K [0x0000000082600000, 0x0000000100000000)
  region size 1024K, 13 young (13312K), 3 survivors (3072K)
 Metaspace       used 69674K, committed 70528K, reserved 1114112K
  class space    used 9606K, committed 9984K, reserved 1048576K
GC Heap History (20 events):
Event: 14.991 GC heap before
{Heap before GC invocations=7 (full 0):
 garbage-first heap   total 55296K, used 34675K [0x0000000082600000, 0x0000000100000000)
  region size 1024K, 19 young (19456K), 4 survivors (4096K)
 Metaspace       used 35659K, committed 36096K, reserved 1114112K
  class space    used 4704K, committed 4928K, reserved 1048576K
}
Event: 15.000 GC heap after
{Heap after GC invocations=8 (full 0):
 garbage-first heap   total 55296K, used 21499K [0x0000000082600000, 0x0000000100000000)
  region size 1024K, 1 young (1024K), 1 survivors (1024K)
 Metaspace       used 35659K, committed 36096K, reserved 1114112K
  class space    used 4704K, committed 4928K, reserved 1048576K
}
Event: 16.227 GC heap before
{Heap before GC invocations=9 (full 0):
 garbage-first heap   total 55296K, used 45051K [0x0000000082600000, 0x0000000100000000)
  region size 1024K, 25 young (25600K), 1 survivors (1024K)
 Metaspace       used 43311K, committed 43840K, reserved 1114112K
  class space    used 5750K, committed 6016K, reserved 1048576K
}
Event: 16.234 GC heap after
{Heap after GC invocations=10 (full 0):
 garbage-first heap   total 55296K, used 23506K [0x0000000082600000, 0x0000000100000000)
  region size 1024K, 3 young (3072K), 3 survivors (3072K)
 Metaspace       used 43311K, committed 43840K, reserved 1114112K
  class space    used 5750K, committed 6016K, reserved 1048576K
}
Event: 17.029 GC heap before
{Heap before GC invocations=10 (full 0):
 garbage-first heap   total 55296K, used 46034K [0x0000000082600000, 0x0000000100000000)
  region size 1024K, 26 young (26624K), 3 survivors (3072K)
 Metaspace       used 48369K, committed 48896K, reserved 1114112K
  class space    used 6385K, committed 6592K, reserved 1048576K
}
Event: 17.036 GC heap after
{Heap after GC invocations=11 (full 0):
 garbage-first heap   total 55296K, used 24770K [0x0000000082600000, 0x0000000100000000)
  region size 1024K, 4 young (4096K), 4 survivors (4096K)
 Metaspace       used 48369K, committed 48896K, reserved 1114112K
  class space    used 6385K, committed 6592K, reserved 1048576K
}
Event: 17.624 GC heap before
{Heap before GC invocations=11 (full 0):
 garbage-first heap   total 55296K, used 46274K [0x0000000082600000, 0x0000000100000000)
  region size 1024K, 25 young (25600K), 4 survivors (4096K)
 Metaspace       used 53726K, committed 54272K, reserved 1114112K
  class space    used 7314K, committed 7552K, reserved 1048576K
}
Event: 17.633 GC heap after
{Heap after GC invocations=12 (full 0):
 garbage-first heap   total 55296K, used 25503K [0x0000000082600000, 0x0000000100000000)
  region size 1024K, 3 young (3072K), 3 survivors (3072K)
 Metaspace       used 53726K, committed 54272K, reserved 1114112K
  class space    used 7314K, committed 7552K, reserved 1048576K
}
Event: 18.734 GC heap before
{Heap before GC invocations=12 (full 0):
 garbage-first heap   total 55296K, used 45983K [0x0000000082600000, 0x0000000100000000)
  region size 1024K, 24 young (24576K), 3 survivors (3072K)
 Metaspace       used 58085K, committed 58688K, reserved 1114112K
  class space    used 7919K, committed 8192K, reserved 1048576K
}
Event: 18.745 GC heap after
{Heap after GC invocations=13 (full 0):
 garbage-first heap   total 66560K, used 27543K [0x0000000082600000, 0x0000000100000000)
  region size 1024K, 3 young (3072K), 3 survivors (3072K)
 Metaspace       used 58085K, committed 58688K, reserved 1114112K
  class space    used 7919K, committed 8192K, reserved 1048576K
}
Event: 19.013 GC heap before
{Heap before GC invocations=13 (full 0):
 garbage-first heap   total 66560K, used 36759K [0x0000000082600000, 0x0000000100000000)
  region size 1024K, 13 young (13312K), 3 survivors (3072K)
 Metaspace       used 59876K, committed 60416K, reserved 1114112K
  class space    used 8152K, committed 8384K, reserved 1048576K
}
Event: 19.024 GC heap after
{Heap after GC invocations=14 (full 0):
 garbage-first heap   total 66560K, used 28560K [0x0000000082600000, 0x0000000100000000)
  region size 1024K, 4 young (4096K), 4 survivors (4096K)
 Metaspace       used 59876K, committed 60416K, reserved 1114112K
  class space    used 8152K, committed 8384K, reserved 1048576K
}
Event: 19.434 GC heap before
{Heap before GC invocations=15 (full 0):
 garbage-first heap   total 66560K, used 57232K [0x0000000082600000, 0x0000000100000000)
  region size 1024K, 32 young (32768K), 4 survivors (4096K)
 Metaspace       used 61273K, committed 61824K, reserved 1114112K
  class space    used 8422K, committed 8640K, reserved 1048576K
}
Event: 19.442 GC heap after
{Heap after GC invocations=16 (full 0):
 garbage-first heap   total 66560K, used 29697K [0x0000000082600000, 0x0000000100000000)
  region size 1024K, 3 young (3072K), 3 survivors (3072K)
 Metaspace       used 61273K, committed 61824K, reserved 1114112K
  class space    used 8422K, committed 8640K, reserved 1048576K
}
Event: 19.578 GC heap before
{Heap before GC invocations=16 (full 0):
 garbage-first heap   total 66560K, used 58369K [0x0000000082600000, 0x0000000100000000)
  region size 1024K, 31 young (31744K), 3 survivors (3072K)
 Metaspace       used 61507K, committed 62144K, reserved 1114112K
  class space    used 8446K, committed 8704K, reserved 1048576K
}
Event: 19.585 GC heap after
{Heap after GC invocations=17 (full 0):
 garbage-first heap   total 66560K, used 29765K [0x0000000082600000, 0x0000000100000000)
  region size 1024K, 2 young (2048K), 2 survivors (2048K)
 Metaspace       used 61507K, committed 62144K, reserved 1114112K
  class space    used 8446K, committed 8704K, reserved 1048576K
}
Event: 20.396 GC heap before
{Heap before GC invocations=17 (full 0):
 garbage-first heap   total 66560K, used 59461K [0x0000000082600000, 0x0000000100000000)
  region size 1024K, 31 young (31744K), 2 survivors (2048K)
 Metaspace       used 64811K, committed 65536K, reserved 1114112K
  class space    used 8938K, committed 9280K, reserved 1048576K
}
Event: 20.409 GC heap after
{Heap after GC invocations=18 (full 0):
 garbage-first heap   total 66560K, used 32590K [0x0000000082600000, 0x0000000100000000)
  region size 1024K, 4 young (4096K), 4 survivors (4096K)
 Metaspace       used 64811K, committed 65536K, reserved 1114112K
  class space    used 8938K, committed 9280K, reserved 1048576K
}
Event: 21.257 GC heap before
{Heap before GC invocations=18 (full 0):
 garbage-first heap   total 66560K, used 58190K [0x0000000082600000, 0x0000000100000000)
  region size 1024K, 29 young (29696K), 4 survivors (4096K)
 Metaspace       used 68486K, committed 69312K, reserved 1114112K
  class space    used 9426K, committed 9792K, reserved 1048576K
}
Event: 21.274 GC heap after
{Heap after GC invocations=19 (full 0):
 garbage-first heap   total 66560K, used 35840K [0x0000000082600000, 0x0000000100000000)
  region size 1024K, 3 young (3072K), 3 survivors (3072K)
 Metaspace       used 68486K, committed 69312K, reserved 1114112K
  class space    used 9426K, committed 9792K, reserved 1048576K
}

